# JRE version: Java(TM) SE Runtime Environment (8.0_211-b12) (build 1.8.0_211-b12)
# Java VM: Java HotSpot(TM) 64-Bit Server VM (25.211-b12 mixed mode windows-amd64 compressed oops)
Heap:
 PSYoungGen      total 36352K, used 23563K [0x000000076b200000, 0x000000076e480000, 0x00000007c0000000)
  eden space 35840K, 65% used [0x000000076b200000,0x000000076c8f2eb8,0x000000076d500000)
  from space 512K, 12% used [0x000000076e400000,0x000000076e410000,0x000000076e480000)
  to   space 512K, 0% used [0x000000076e380000,0x000000076e380000,0x000000076e400000)
 ParOldGen       total 175104K, used 1957K [0x00000006c1600000, 0x00000006cc100000, 0x000000076b200000)
  object space 175104K, 1% used [0x00000006c1600000,0x00000006c17e9578,0x00000006cc100000)
 Metaspace       used 12716K, capacity 12938K, committed 13056K, reserved 1060864K
  class space    used 1420K, capacity 1518K, committed 1536K, reserved 1048576K
GC Heap History (10 events):
Event: 6.777 GC heap before
{Heap before GC invocations=40 (full 0):
 PSYoungGen      total 39424K, used 38464K [0x000000076b200000, 0x000000076e580000, 0x00000007c0000000)
  eden space 38400K, 100% used [0x000000076b200000,0x000000076d780000,0x000000076d780000)
  from space 1024K, 6% used [0x000000076e380000,0x000000076e390000,0x000000076e480000)
  to   space 1024K, 0% used [0x000000076e480000,0x000000076e480000,0x000000076e580000)
 ParOldGen       total 175104K, used 1901K [0x00000006c1600000, 0x00000006cc100000, 0x000000076b200000)
  object space 175104K, 1% used [0x00000006c1600000,0x00000006c17db578,0x00000006cc100000)
 Metaspace       used 7446K, capacity 7852K, committed 8064K, reserved 1056768K
  class space    used 763K, capacity 786K, committed 896K, reserved 1048576K
Event: 6.778 GC heap after
Heap after GC invocations=40 (full 0):
 PSYoungGen      total 38400K, used 64K [0x000000076b200000, 0x000000076e500000, 0x00000007c0000000)
  eden space 37888K, 0% used [0x000000076b200000,0x000000076b200000,0x000000076d700000)
  from space 512K, 12% used [0x000000076e480000,0x000000076e490000,0x000000076e500000)
  to   space 1024K, 0% used [0x000000076e300000,0x000000076e300000,0x000000076e400000)
 ParOldGen       total 175104K, used 1901K [0x00000006c1600000, 0x00000006cc100000, 0x000000076b200000)
  object space 175104K, 1% used [0x00000006c1600000,0x00000006c17db578,0x00000006cc100000)
 Metaspace       used 7446K, capacity 7852K, committed 8064K, reserved 1056768K
  class space    used 763K, capacity 786K, committed 896K, reserved 1048576K
}
Event: 6.898 GC heap before
{Heap before GC invocations=41 (full 0):
 PSYoungGen      total 38400K, used 37952K [0x000000076b200000, 0x000000076e500000, 0x00000007c0000000)
  eden space 37888K, 100% used [0x000000076b200000,0x000000076d700000,0x000000076d700000)
  from space 512K, 12% used [0x000000076e480000,0x000000076e490000,0x000000076e500000)
  to   space 1024K, 0% used [0x000000076e300000,0x000000076e300000,0x000000076e400000)
 ParOldGen       total 175104K, used 1901K [0x00000006c1600000, 0x00000006cc100000, 0x000000076b200000)
  object space 175104K, 1% used [0x00000006c1600000,0x00000006c17db578,0x00000006cc100000)
 Metaspace       used 7448K, capacity 7852K, committed 8064K, reserved 1056768K
  class space    used 763K, capacity 786K, committed 896K, reserved 1048576K
Event: 6.899 GC heap after
Heap after GC invocations=41 (full 0):
 PSYoungGen      total 38400K, used 64K [0x000000076b200000, 0x000000076e500000, 0x00000007c0000000)
  eden space 37376K, 0% used [0x000000076b200000,0x000000076b200000,0x000000076d680000)
  from space 1024K, 6% used [0x000000076e300000,0x000000076e310000,0x000000076e400000)
  to   space 1024K, 0% used [0x000000076e400000,0x000000076e400000,0x000000076e500000)
 ParOldGen       total 175104K, used 1909K [0x00000006c1600000, 0x00000006cc100000, 0x000000076b200000)
  object space 175104K, 1% used [0x00000006c1600000,0x00000006c17dd578,0x00000006cc100000)
 Metaspace       used 7448K, capacity 7852K, committed 8064K, reserved 1056768K
  class space    used 763K, capacity 786K, committed 896K, reserved 1048576K
}
Event: 7.042 GC heap before
{Heap before GC invocations=42 (full 0):
 PSYoungGen      total 38400K, used 37440K [0x000000076b200000, 0x000000076e500000, 0x00000007c0000000)
  eden space 37376K, 100% used [0x000000076b200000,0x000000076d680000,0x000000076d680000)
  from space 1024K, 6% used [0x000000076e300000,0x000000076e310000,0x000000076e400000)
  to   space 1024K, 0% used [0x000000076e400000,0x000000076e400000,0x000000076e500000)
 ParOldGen       total 175104K, used 1909K [0x00000006c1600000, 0x00000006cc100000, 0x000000076b200000)
  object space 175104K, 1% used [0x00000006c1600000,0x00000006c17dd578,0x00000006cc100000)
 Metaspace       used 7448K, capacity 7852K, committed 8064K, reserved 1056768K
  class space    used 763K, capacity 786K, committed 896K, reserved 1048576K
Event: 7.043 GC heap after
Heap after GC invocations=42 (full 0):
 PSYoungGen      total 37376K, used 64K [0x000000076b200000, 0x000000076e480000, 0x00000007c0000000)
  eden space 36864K, 0% used [0x000000076b200000,0x000000076b200000,0x000000076d600000)
  from space 512K, 12% used [0x000000076e400000,0x000000076e410000,0x000000076e480000)
  to   space 512K, 0% used [0x000000076e380000,0x000000076e380000,0x000000076e400000)
 ParOldGen       total 175104K, used 1925K [0x00000006c1600000, 0x00000006cc100000, 0x000000076b200000)
  object space 175104K, 1% used [0x00000006c1600000,0x00000006c17e1578,0x00000006cc100000)
 Metaspace       used 7448K, capacity 7852K, committed 8064K, reserved 1056768K
  class space    used 763K, capacity 786K, committed 896K, reserved 1048576K
}
Event: 7.150 GC heap before
{Heap before GC invocations=43 (full 0):
 PSYoungGen      total 37376K, used 36928K [0x000000076b200000, 0x000000076e480000, 0x00000007c0000000)
  eden space 36864K, 100% used [0x000000076b200000,0x000000076d600000,0x000000076d600000)
  from space 512K, 12% used [0x000000076e400000,0x000000076e410000,0x000000076e480000)
  to   space 512K, 0% used [0x000000076e380000,0x000000076e380000,0x000000076e400000)
 ParOldGen       total 175104K, used 1925K [0x00000006c1600000, 0x00000006cc100000, 0x000000076b200000)
  object space 175104K, 1% used [0x00000006c1600000,0x00000006c17e1578,0x00000006cc100000)
 Metaspace       used 7448K, capacity 7852K, committed 8064K, reserved 1056768K
  class space    used 763K, capacity 786K, committed 896K, reserved 1048576K
Event: 7.151 GC heap after
Heap after GC invocations=43 (full 0):
 PSYoungGen      total 36864K, used 64K [0x000000076b200000, 0x000000076e480000, 0x00000007c0000000)
  eden space 36352K, 0% used [0x000000076b200000,0x000000076b200000,0x000000076d580000)
  from space 512K, 12% used [0x000000076e380000,0x000000076e390000,0x000000076e400000)
  to   space 512K, 0% used [0x000000076e400000,0x000000076e400000,0x000000076e480000)
 ParOldGen       total 175104K, used 1949K [0x00000006c1600000, 0x00000006cc100000, 0x000000076b200000)
  object space 175104K, 1% used [0x00000006c1600000,0x00000006c17e7578,0x00000006cc100000)
 Metaspace       used 7448K, capacity 7852K, committed 8064K, reserved 1056768K
  class space    used 763K, capacity 786K, committed 896K, reserved 1048576K
}
Event: 7.251 GC heap before
{Heap before GC invocations=44 (full 0):
 PSYoungGen      total 36864K, used 36416K [0x000000076b200000, 0x000000076e480000, 0x00000007c0000000)
  eden space 36352K, 100% used [0x000000076b200000,0x000000076d580000,0x000000076d580000)
  from space 512K, 12% used [0x000000076e380000,0x000000076e390000,0x000000076e400000)
  to   space 512K, 0% used [0x000000076e400000,0x000000076e400000,0x000000076e480000)
 ParOldGen       total 175104K, used 1949K [0x00000006c1600000, 0x00000006cc100000, 0x000000076b200000)
  object space 175104K, 1% used [0x00000006c1600000,0x00000006c17e7578,0x00000006cc100000)
 Metaspace       used 7448K, capacity 7852K, committed 8064K, reserved 1056768K
  class space    used 763K, capacity 786K, committed 896K, reserved 1048576K
Event: 7.252 GC heap after
Heap after GC invocations=44 (full 0):
 PSYoungGen      total 36352K, used 64K [0x000000076b200000, 0x000000076e480000, 0x00000007c0000000)
  eden space 35840K, 0% used [0x000000076b200000,0x000000076b200000,0x000000076d500000)
  from space 512K, 12% used [0x000000076e400000,0x000000076e410000,0x000000076e480000)
  to   space 512K, 0% used [0x000000076e380000,0x000000076e380000,0x000000076e400000)
 ParOldGen       total 175104K, used 1957K [0x00000006c1600000, 0x00000006cc100000, 0x000000076b200000)
  object space 175104K, 1% used [0x00000006c1600000,0x00000006c17e9578,0x00000006cc100000)
 Metaspace       used 7448K, capacity 7852K, committed 8064K, reserved 1056768K
  class space    used 763K, capacity 786K, committed 896K, reserved 1048576K
}

